DirectInputCreateA_Hook: Return adress=[48968204]
EnumDevices: this=[14662892] Return adress=[48968204]
CreateDevice: Return adress=[48968204]
QueryInterface: Return adress=[48968204]
Succeeded to create the DirectInput Interfaces
DirectInputCreateW_Hook: Return adress=[48968204]
CreateDevice: Return adress=[48968204]
QueryInterface: Return adress=[48968204]
Succeeded to create the DirectInput Interfaces
DirectInputCreateEx_Hook: Return adress=[48968204]
DirectInputCreateEx_Hook: CREATED PROXY
CreateDevice: Return adress=[48968204]
Succeeded to create the DirectInput7 Interfaces
DirectInputCreateEx_Hook: Return adress=[48968204]
DirectInputCreateEx_Hook: CREATED PROXY
CreateDevice: Return adress=[48968204]
Succeeded to create the DirectInput7 Interfaces
DirectInput8Create_Hook: Return adress=[48968204]
DirectInput8Create_Hook: CREATED PROXY
CreateDevice: Return adress=[48968204]
Succeeded to create the DirectInput8 Interfaces
DirectInput8Create_Hook: Return adress=[48968204]
DirectInput8Create_Hook: CREATED PROXY
CreateDevice: Return adress=[48968204]
CreateDevice: DI_OK
Succeeded to create the DirectInput8 Interfaces
IDirectInputA::AddRef[1837260608] reimplement in IDirectInputW[1838581360], IDirectInput7A[1838581360], IDirectInput7W[1838581360], 
IDirectInputA::CreateDevice[1836957136] reimplement in IDirectInputW[1836961520], IDirectInput7A[1836961520], IDirectInput7W[1836961520], 
IDirectInputA::EnumDevices[1837252544] reimplement in IDirectInputW[1838584816], IDirectInput7A[1838584816], IDirectInput7W[1838584816], 
IDirectInputA::GetDeviceStatus[1837256080] reimplement in IDirectInputW[1838585232], IDirectInput7A[1838585232], IDirectInput7W[1838585232], 
IDirectInputA::Initialize[1837250272] reimplement in IDirectInputW[1838585712], IDirectInput7A[1838585712], IDirectInput7W[1838585712], 
IDirectInputA::QueryInterface[1836969200] reimplement in IDirectInputW[1836971104], IDirectInput7A[1836971104], IDirectInput7W[1836971104], 
IDirectInputA::Release[1837260656] reimplement in IDirectInputW[1838582000], IDirectInput7A[1838582000], IDirectInput7W[1838582000], 
IDirectInputA::RunControlPanel[1837258336] reimplement in IDirectInputW[1838585456], IDirectInput7A[1838585456], IDirectInput7W[1838585456], 
IDirectInputDeviceA::Acquire[1837450896] reimplement in IDirectInputDeviceW[1838585824], IDirectInputDevice7A[1838585824], IDirectInputDevice7W[1838585824], 
IDirectInputDeviceA::AddRef[1837448592] reimplement in IDirectInputDeviceW[1838581616], IDirectInputDevice7A[1838581616], IDirectInputDevice7W[1838581616], 
IDirectInputDeviceA::EnumObjects[1837395376] reimplement in IDirectInputDeviceW[1838584976], IDirectInputDevice7A[1838584976], IDirectInputDevice7W[1838584976], 
IDirectInputDeviceA::GetCapabilities[1837424336] reimplement in IDirectInputDeviceW[1838584560], IDirectInputDevice7A[1838584560], IDirectInputDevice7W[1838584560], 
IDirectInputDeviceA::GetDeviceData[1837404768] reimplement in IDirectInputDeviceW[1838586656], IDirectInputDevice7A[1838586656], IDirectInputDevice7W[1838586656], 
IDirectInputDeviceA::GetDeviceInfo[1837407056] reimplement in IDirectInputDeviceW[1838588544], IDirectInputDevice7A[1838588544], IDirectInputDevice7W[1838588544], 
IDirectInputDeviceA::GetDeviceState[1837419776] reimplement in IDirectInputDeviceW[1838586400], IDirectInputDevice7A[1838586400], IDirectInputDevice7W[1838586400], 
IDirectInputDeviceA::GetObjectInfo[1837414016] reimplement in IDirectInputDeviceW[1838588352], IDirectInputDevice7A[1838588352], IDirectInputDevice7W[1838588352], 
IDirectInputDeviceA::GetProperty[1837398880] reimplement in IDirectInputDeviceW[1838585296], IDirectInputDevice7A[1838585296], IDirectInputDevice7W[1838585296], 
IDirectInputDeviceA::Initialize[1837389600] reimplement in IDirectInputDeviceW[1838588896], IDirectInputDevice7A[1838588896], IDirectInputDevice7W[1838588896], 
IDirectInputDeviceA::QueryInterface[1836971136] reimplement in IDirectInputDeviceW[1836973088], IDirectInputDevice7A[1836973088], IDirectInputDevice7W[1836973088], 
IDirectInputDeviceA::Release[1837453152] reimplement in IDirectInputDeviceW[1838583136], IDirectInputDevice7A[1838583136], IDirectInputDevice7W[1838583136], 
IDirectInputDeviceA::RunControlPanel[1837426688] reimplement in IDirectInputDeviceW[1838588736], IDirectInputDevice7A[1838588736], IDirectInputDevice7W[1838588736], 
IDirectInputDeviceA::SetCooperativeLevel[1837435024] reimplement in IDirectInputDeviceW[1838587568], IDirectInputDevice7A[1838587568], IDirectInputDevice7W[1838587568], 
IDirectInputDeviceA::SetDataFormat[1837417520] reimplement in IDirectInputDeviceW[1838586848], IDirectInputDevice7A[1838586848], IDirectInputDevice7W[1838586848], 
IDirectInputDeviceA::SetEventNotification[1837437296] reimplement in IDirectInputDeviceW[1838587008], IDirectInputDevice7A[1838587008], IDirectInputDevice7W[1838587008], 
IDirectInputDeviceA::SetProperty[1837401216] reimplement in IDirectInputDeviceW[1838585552], IDirectInputDevice7A[1838585552], IDirectInputDevice7W[1838585552], 
IDirectInputDeviceA::Unacquire[1837453328] reimplement in IDirectInputDeviceW[1838586144], IDirectInputDevice7A[1838586144], IDirectInputDevice7W[1838586144], 
IDirectInput8A::AddRef[1837296320] reimplement in IDirectInput8W[1838581408], 
IDirectInput8A::cfgureDevices[1837290336] reimplement in IDirectInput8W[1838586592], 
IDirectInput8A::CreateDevice[1836955744] reimplement in IDirectInput8W[1836962976], 
IDirectInput8A::EnumDevices[1837283360] reimplement in IDirectInput8W[1838584880], 
IDirectInput8A::EnumDevicesBySemantics[1837293872] reimplement in IDirectInput8W[1838586336], 
IDirectInput8A::FindDevice[1837277584] reimplement in IDirectInput8W[1838586080], 
IDirectInput8A::GetDeviceStatus[1837285808] reimplement in IDirectInput8W[1838585264], 
IDirectInput8A::Initialize[1837281088] reimplement in IDirectInput8W[1838585744], 
IDirectInput8A::QueryInterface[1836958528] reimplement in IDirectInput8W[1836960080], 
IDirectInput8A::Release[1837296368] reimplement in IDirectInput8W[1838582144], 
IDirectInput8A::RunControlPanel[1837288064] reimplement in IDirectInput8W[1838585488], 
IDirectInputDevice8A::Acquire[1837544560] reimplement in IDirectInputDevice8W[1838585856], 
IDirectInputDevice8A::AddRef[1837542256] reimplement in IDirectInputDevice8W[1838581760], 
IDirectInputDevice8A::BuildActionMap[1837508928] reimplement in IDirectInputDevice8W[1838576256], 
IDirectInputDevice8A::CreateEffect[1837483504] reimplement in IDirectInputDevice8W[1838589056], 
IDirectInputDevice8A::EnumCreatedEffectObjects[1837535472] reimplement in IDirectInputDevice8W[1838575712], 
IDirectInputDevice8A::EnumEffects[1837471888] reimplement in IDirectInputDevice8W[1838589248], 
IDirectInputDevice8A::EnumEffectsInFile[1837521616] reimplement in IDirectInputDevice8W[1838576064], 
IDirectInputDevice8A::EnumObjects[1837475392] reimplement in IDirectInputDevice8W[1838585104], 
IDirectInputDevice8A::Escape[1837542304] reimplement in IDirectInputDevice8W[1838575808], 
IDirectInputDevice8A::GetCapabilities[1837516992] reimplement in IDirectInputDevice8W[1838584656], 
IDirectInputDevice8A::GetDeviceData[1837492848] reimplement in IDirectInputDevice8W[1838586688], 
IDirectInputDevice8A::GetDeviceInfo[1837495136] reimplement in IDirectInputDevice8W[1838588608], 
IDirectInputDevice8A::GetDeviceState[1837512432] reimplement in IDirectInputDevice8W[1838586432], 
IDirectInputDevice8A::GetEffectInfo[1837499680] reimplement in IDirectInputDevice8W[1838589440], 
IDirectInputDevice8A::GetForceFeedbackState[1837533216] reimplement in IDirectInputDevice8W[1838589568], 
IDirectInputDevice8A::GetImageInfo[1837484784] reimplement in IDirectInputDevice8W[1838581296], 
IDirectInputDevice8A::GetObjectInfo[1837503168] reimplement in IDirectInputDevice8W[1838588416], 
IDirectInputDevice8A::GetProperty[1837478896] reimplement in IDirectInputDevice8W[1838585328], 
IDirectInputDevice8A::Initialize[1837469616] reimplement in IDirectInputDevice8W[1838588928], 
IDirectInputDevice8A::Poll[1837540000] reimplement in IDirectInputDevice8W[1838575872], 
IDirectInputDevice8A::QueryInterface[1836965856] reimplement in IDirectInputDevice8W[1836967552], 
IDirectInputDevice8A::Release[1837546816] reimplement in IDirectInputDevice8W[1838583520], 
IDirectInputDevice8A::RunControlPanel[1837519344] reimplement in IDirectInputDevice8W[1838588768], 
IDirectInputDevice8A::SendDeviceData[1837514704] reimplement in IDirectInputDevice8W[1838575936], 
IDirectInputDevice8A::SendForceFeedbackCommand[1837537744] reimplement in IDirectInputDevice8W[1838575616], 
IDirectInputDevice8A::SetActionMap[1837489344] reimplement in IDirectInputDevice8W[1838581232], 
IDirectInputDevice8A::SetCooperativeLevel[1837528688] reimplement in IDirectInputDevice8W[1838587600], 
IDirectInputDevice8A::SetDataFormat[1837506672] reimplement in IDirectInputDevice8W[1838586880], 
IDirectInputDevice8A::SetEventNotification[1837530960] reimplement in IDirectInputDevice8W[1838587040], 
IDirectInputDevice8A::SetProperty[1837481232] reimplement in IDirectInputDevice8W[1838585584], 
IDirectInputDevice8A::Unacquire[1837546992] reimplement in IDirectInputDevice8W[1838586176], 
IDirectInputDevice8A::WriteEffectToFile[1837525152] reimplement in IDirectInputDevice8W[1838576192], 
Succeeded to hook IDirectInputDevice8A::GetDeviceState
Succeeded to hook IDirectInputDeviceA::GetDeviceState
Succeeded to hook IDirectInputDevice8A::SetProperty
Succeeded to hook IDirectInputDeviceA::SetProperty
Succeeded to hook IDirectInputDevice8A::GetCapabilities
Succeeded to hook IDirectInputDeviceA::GetCapabilities
Succeeded to hook IDirectInputDevice8A::EnumObjects
Succeeded to hook IDirectInputDeviceA::EnumObjects
Succeeded to hook IDirectInputDevice8A::SetDataFormat
Succeeded to hook IDirectInputDeviceA::SetDataFormat
Succeeded to hook IDirectInputDevice8A::GetDeviceData
Succeeded to hook IDirectInputDeviceA::GetDeviceData
Succeeded to hook IDirectInputDevice8W::GetDeviceState
Succeeded to hook IDirectInputDeviceW::GetDeviceState
Succeeded to hook IDirectInputDevice8W::SetProperty
Succeeded to hook IDirectInputDeviceW::SetProperty
Succeeded to hook IDirectInputDevice8W::GetCapabilities
Succeeded to hook IDirectInputDeviceW::GetCapabilities
Succeeded to hook IDirectInputDevice8W::EnumObjects
Succeeded to hook IDirectInputDeviceW::EnumObjects
Succeeded to hook IDirectInputDevice8W::SetDataFormat
Succeeded to hook IDirectInputDeviceW::SetDataFormat
Succeeded to hook IDirectInputDevice8W::GetDeviceData
Succeeded to hook IDirectInputDeviceW::GetDeviceData
flags 51
Button 5 1
Button 6 2
Button 7 3
Button 8 4
Button 9 5
Button 10 6
Button 11 7
Button 12 8
Button 13 9
Button 14 10
Button 15 11
Button 16 12
DirectInput8Create_Hook: Return adress=[4323123]
DirectInput8Create_Hook: CREATED PROXY
CreateDevice: Return adress=[4332472]
QueryInterface: Return adress=[1835956649]
QueryInterface: E_NOINTERFACE
QueryInterface: Return adress=[1835956717]
QueryInterface: Return adress=[1835956649]
QueryInterface: E_NOINTERFACE
QueryInterface: Return adress=[1835956717]
GetCapabilities: this=[302911644] Return adress=[1835969650]
QueryInterface: Return adress=[1835956649]
QueryInterface: E_NOINTERFACE
QueryInterface: Return adress=[1835956717]
GetCapabilities: this=[302911644] Return adress=[1835969650]
DiDcvSetDataFormat: Interface lvl: 2 IsGamepad: 0 Pointers: 1838368 1838400
SetDataFormat: this=[302911644] Return adress=[1835980973]
DiDcvSetDataFormat: ======================================
SetCooperativeLevel: this=[302911644] Return adress=[4332530]
SetProperty: this=[302911644] Return adress=[1835968837]
Acquire: this=[302911644] Return adress=[4332615]
GetProperty: this=[302911644] Return adress=[4330092]
GetProperty: FAILED: 2147942402
GetProperty: this=[302911644] Return adress=[4330092]
GetProperty: this=[302911644] Return adress=[4330092]
GetProperty: this=[302911644] Return adress=[4330092]
GetProperty: this=[302911644] Return adress=[4330092]
GetProperty: this=[302911644] Return adress=[4330092]
GetProperty: this=[302911644] Return adress=[4330092]
GetProperty: this=[302911644] Return adress=[4330092]
GetProperty: this=[302911644] Return adress=[4330092]
GetProperty: this=[302911644] Return adress=[4330092]
GetProperty: this=[302911644] Return adress=[4330092]
GetProperty: this=[302911644] Return adress=[4330092]
GetProperty: this=[302911644] Return adress=[4330092]
GetProperty: this=[302911644] Return adress=[4330092]
GetProperty: this=[302911644] Return adress=[4330092]
GetProperty: this=[302911644] Return adress=[4330092]
GetProperty: this=[302911644] Return adress=[4330092]
GetProperty: this=[302911644] Return adress=[4330092]
GetProperty: this=[302911644] Return adress=[4330092]
GetProperty: this=[302911644] Return adress=[4330092]
GetProperty: this=[302911644] Return adress=[4330092]
GetProperty: this=[302911644] Return adress=[4330092]
GetProperty: this=[302911644] Return adress=[4330092]
GetProperty: this=[302911644] Return adress=[4330092]
GetProperty: this=[302911644] Return adress=[4330092]
GetProperty: this=[302911644] Return adress=[4330092]
GetProperty: this=[302911644] Return adress=[4330092]
GetProperty: this=[302911644] Return adress=[4330092]
GetProperty: this=[302911644] Return adress=[4330092]
GetProperty: this=[302911644] Return adress=[4330092]
GetProperty: this=[302911644] Return adress=[4330092]
GetProperty: this=[302911644] Return adress=[4330092]
GetProperty: this=[302911644] Return adress=[4330092]
GetProperty: this=[302911644] Return adress=[4330092]
GetProperty: this=[302911644] Return adress=[4330092]
GetProperty: this=[302911644] Return adress=[4330092]
GetProperty: this=[302911644] Return adress=[4330092]
GetProperty: this=[302911644] Return adress=[4330092]
GetProperty: this=[302911644] Return adress=[4330092]
GetProperty: this=[302911644] Return adress=[4330092]
GetProperty: this=[302911644] Return adress=[4330092]
GetProperty: this=[302911644] Return adress=[4330092]
GetProperty: this=[302911644] Return adress=[4330092]
GetProperty: this=[302911644] Return adress=[4330092]
GetProperty: this=[302911644] Return adress=[4330092]
GetProperty: this=[302911644] Return adress=[4330092]
GetProperty: this=[302911644] Return adress=[4330092]
GetProperty: this=[302911644] Return adress=[4330092]
GetProperty: this=[302911644] Return adress=[4330092]
GetProperty: this=[302911644] Return adress=[4330092]
GetProperty: this=[302911644] Return adress=[4330092]
GetProperty: this=[302911644] Return adress=[4330092]
GetProperty: this=[302911644] Return adress=[4330092]
GetProperty: this=[302911644] Return adress=[4330092]
GetProperty: this=[302911644] Return adress=[4330092]
GetProperty: this=[302911644] Return adress=[4330092]
GetProperty: this=[302911644] Return adress=[4330092]
GetProperty: this=[302911644] Return adress=[4330092]
GetProperty: this=[302911644] Return adress=[4330092]
GetProperty: this=[302911644] Return adress=[4330092]
GetProperty: this=[302911644] Return adress=[4330092]
GetProperty: this=[302911644] Return adress=[4330092]
GetProperty: this=[302911644] Return adress=[4330092]
GetProperty: this=[302911644] Return adress=[4330092]
GetProperty: this=[302911644] Return adress=[4330092]
GetProperty: this=[302911644] Return adress=[4330092]
GetProperty: this=[302911644] Return adress=[4330092]
GetProperty: this=[302911644] Return adress=[4330092]
GetProperty: this=[302911644] Return adress=[4330092]
GetProperty: this=[302911644] Return adress=[4330092]
GetProperty: this=[302911644] Return adress=[4330092]
GetProperty: this=[302911644] Return adress=[4330092]
GetProperty: this=[302911644] Return adress=[4330092]
GetProperty: this=[302911644] Return adress=[4330092]
GetProperty: this=[302911644] Return adress=[4330092]
GetProperty: this=[302911644] Return adress=[4330092]
GetProperty: this=[302911644] Return adress=[4330092]
GetProperty: this=[302911644] Return adress=[4330092]
GetProperty: this=[302911644] Return adress=[4330092]
GetProperty: this=[302911644] Return adress=[4330092]
GetProperty: this=[302911644] Return adress=[4330092]
GetProperty: this=[302911644] Return adress=[4330092]
GetProperty: this=[302911644] Return adress=[4330092]
GetProperty: this=[302911644] Return adress=[4330092]
GetProperty: this=[302911644] Return adress=[4330092]
GetProperty: FAILED: 2147942402
GetProperty: this=[302911644] Return adress=[4330092]
GetProperty: FAILED: 2147942402
GetProperty: this=[302911644] Return adress=[4330092]
GetProperty: this=[302911644] Return adress=[4330092]
GetProperty: this=[302911644] Return adress=[4330092]
GetProperty: this=[302911644] Return adress=[4330092]
GetProperty: FAILED: 2147942402
GetProperty: this=[302911644] Return adress=[4330092]
GetProperty: FAILED: 2147942402
GetProperty: this=[302911644] Return adress=[4330092]
GetProperty: FAILED: 2147942402
GetProperty: this=[302911644] Return adress=[4330092]
GetProperty: FAILED: 2147942402
GetProperty: this=[302911644] Return adress=[4330092]
GetProperty: FAILED: 2147942402
GetProperty: this=[302911644] Return adress=[4330092]
GetProperty: FAILED: 2147942402
GetProperty: this=[302911644] Return adress=[4330092]
GetProperty: FAILED: 2147942402
GetProperty: this=[302911644] Return adress=[4330092]
GetProperty: FAILED: 2147942402
GetProperty: this=[302911644] Return adress=[4330092]
GetProperty: FAILED: 2147942402
GetProperty: this=[302911644] Return adress=[4330092]
GetProperty: FAILED: 2147942402
GetProperty: this=[302911644] Return adress=[4330092]
GetProperty: FAILED: 2147942402
GetProperty: this=[302911644] Return adress=[4330092]
GetProperty: FAILED: 2147942402
GetProperty: this=[302911644] Return adress=[4330092]
GetProperty: FAILED: 2147942402
GetProperty: this=[302911644] Return adress=[4330092]
GetProperty: FAILED: 2147942402
GetProperty: this=[302911644] Return adress=[4330092]
GetProperty: FAILED: 2147942402
GetProperty: this=[302911644] Return adress=[4330092]
GetProperty: FAILED: 2147942402
GetProperty: this=[302911644] Return adress=[4330092]
GetProperty: FAILED: 2147942402
GetProperty: this=[302911644] Return adress=[4330092]
GetProperty: FAILED: 2147942402
GetProperty: this=[302911644] Return adress=[4330092]
GetProperty: FAILED: 2147942402
GetProperty: this=[302911644] Return adress=[4330092]
GetProperty: FAILED: 2147942402
GetProperty: this=[302911644] Return adress=[4330092]
GetProperty: FAILED: 2147942402
GetProperty: this=[302911644] Return adress=[4330092]
GetProperty: FAILED: 2147942402
GetProperty: this=[302911644] Return adress=[4330092]
GetProperty: FAILED: 2147942402
GetProperty: this=[302911644] Return adress=[4330092]
GetProperty: FAILED: 2147942402
GetProperty: this=[302911644] Return adress=[4330092]
GetProperty: FAILED: 2147942402
GetProperty: this=[302911644] Return adress=[4330092]
GetProperty: FAILED: 2147942402
GetProperty: this=[302911644] Return adress=[4330092]
GetProperty: this=[302911644] Return adress=[4330092]
GetProperty: FAILED: 2147942402
GetProperty: this=[302911644] Return adress=[4330092]
GetProperty: FAILED: 2147942402
GetProperty: this=[302911644] Return adress=[4330092]
GetProperty: FAILED: 2147942402
GetProperty: this=[302911644] Return adress=[4330092]
GetProperty: FAILED: 2147942402
GetProperty: this=[302911644] Return adress=[4330092]
GetProperty: FAILED: 2147942402
GetProperty: this=[302911644] Return adress=[4330092]
GetProperty: FAILED: 2147942402
GetProperty: this=[302911644] Return adress=[4330092]
GetProperty: FAILED: 2147942402
GetProperty: this=[302911644] Return adress=[4330092]
GetProperty: FAILED: 2147942402
GetProperty: this=[302911644] Return adress=[4330092]
GetProperty: FAILED: 2147942402
GetProperty: this=[302911644] Return adress=[4330092]
GetProperty: FAILED: 2147942402
GetProperty: this=[302911644] Return adress=[4330092]
GetProperty: this=[302911644] Return adress=[4330092]
GetProperty: FAILED: 2147942402
GetProperty: this=[302911644] Return adress=[4330092]
GetProperty: FAILED: 2147942402
GetProperty: this=[302911644] Return adress=[4330092]
GetProperty: FAILED: 2147942402
GetProperty: this=[302911644] Return adress=[4330092]
GetProperty: FAILED: 2147942402
GetProperty: this=[302911644] Return adress=[4330092]
GetProperty: FAILED: 2147942402
GetProperty: this=[302911644] Return adress=[4330092]
GetProperty: FAILED: 2147942402
GetProperty: this=[302911644] Return adress=[4330092]
GetProperty: FAILED: 2147942402
GetProperty: this=[302911644] Return adress=[4330092]
GetProperty: FAILED: 2147942402
GetProperty: this=[302911644] Return adress=[4330092]
GetProperty: FAILED: 2147942402
GetProperty: this=[302911644] Return adress=[4330092]
GetProperty: FAILED: 2147942402
GetProperty: this=[302911644] Return adress=[4330092]
GetProperty: FAILED: 2147942402
GetProperty: this=[302911644] Return adress=[4330092]
GetProperty: FAILED: 2147942402
GetProperty: this=[302911644] Return adress=[4330092]
GetProperty: FAILED: 2147942402
GetProperty: this=[302911644] Return adress=[4330092]
GetProperty: FAILED: 2147942402
GetProperty: this=[302911644] Return adress=[4330092]
GetProperty: FAILED: 2147942402
GetProperty: this=[302911644] Return adress=[4330092]
GetProperty: FAILED: 2147942402
GetProperty: this=[302911644] Return adress=[4330092]
GetProperty: FAILED: 2147942402
GetProperty: this=[302911644] Return adress=[4330092]
GetProperty: this=[302911644] Return adress=[4330092]
GetProperty: FAILED: 2147942402
GetProperty: this=[302911644] Return adress=[4330092]
GetProperty: FAILED: 2147942402
GetProperty: this=[302911644] Return adress=[4330092]
GetProperty: FAILED: 2147942402
GetProperty: this=[302911644] Return adress=[4330092]
GetProperty: FAILED: 2147942402
GetProperty: this=[302911644] Return adress=[4330092]
GetProperty: FAILED: 2147942402
GetProperty: this=[302911644] Return adress=[4330092]
GetProperty: FAILED: 2147942402
GetProperty: this=[302911644] Return adress=[4330092]
GetProperty: FAILED: 2147942402
GetProperty: this=[302911644] Return adress=[4330092]
GetProperty: FAILED: 2147942402
GetProperty: this=[302911644] Return adress=[4330092]
GetProperty: this=[302911644] Return adress=[4330092]
GetProperty: FAILED: 2147942402
GetProperty: this=[302911644] Return adress=[4330092]
GetProperty: FAILED: 2147942402
GetProperty: this=[302911644] Return adress=[4330092]
GetProperty: this=[302911644] Return adress=[4330092]
GetProperty: this=[302911644] Return adress=[4330092]
GetProperty: FAILED: 2147942402
GetProperty: this=[302911644] Return adress=[4330092]
GetProperty: FAILED: 2147942402
GetProperty: this=[302911644] Return adress=[4330092]
GetProperty: this=[302911644] Return adress=[4330092]
GetProperty: this=[302911644] Return adress=[4330092]
GetProperty: this=[302911644] Return adress=[4330092]
GetProperty: FAILED: 2147942402
GetProperty: this=[302911644] Return adress=[4330092]
GetProperty: this=[302911644] Return adress=[4330092]
GetProperty: FAILED: 2147942402
GetProperty: this=[302911644] Return adress=[4330092]
GetProperty: FAILED: 2147942402
GetProperty: this=[302911644] Return adress=[4330092]
GetProperty: FAILED: 2147942402
GetProperty: this=[302911644] Return adress=[4330092]
GetProperty: FAILED: 2147942402
GetProperty: this=[302911644] Return adress=[4330092]
GetProperty: FAILED: 2147942402
GetProperty: this=[302911644] Return adress=[4330092]
GetProperty: FAILED: 2147942402
GetProperty: this=[302911644] Return adress=[4330092]
GetProperty: FAILED: 2147942402
GetProperty: this=[302911644] Return adress=[4330092]
GetProperty: FAILED: 2147942402
GetProperty: this=[302911644] Return adress=[4330092]
GetProperty: FAILED: 2147942402
GetProperty: this=[302911644] Return adress=[4330092]
GetProperty: this=[302911644] Return adress=[4330092]
GetProperty: FAILED: 2147942402
GetProperty: this=[302911644] Return adress=[4330092]
GetProperty: this=[302911644] Return adress=[4330092]
GetProperty: FAILED: 2147942402
GetProperty: this=[302911644] Return adress=[4330092]
GetProperty: this=[302911644] Return adress=[4330092]
GetProperty: FAILED: 2147942402
GetProperty: this=[302911644] Return adress=[4330092]
GetProperty: FAILED: 2147942402
GetProperty: this=[302911644] Return adress=[4330092]
GetProperty: this=[302911644] Return adress=[4330092]
GetProperty: FAILED: 2147942402
GetProperty: this=[302911644] Return adress=[4330092]
GetProperty: this=[302911644] Return adress=[4330092]
GetProperty: this=[302911644] Return adress=[4330092]
GetProperty: FAILED: 2147942402
GetProperty: this=[302911644] Return adress=[4330092]
GetProperty: FAILED: 2147942402
GetProperty: this=[302911644] Return adress=[4330092]
GetProperty: FAILED: 2147942402
GetProperty: this=[302911644] Return adress=[4330092]
GetProperty: FAILED: 2147942402
GetProperty: this=[302911644] Return adress=[4330092]
GetProperty: FAILED: 2147942402
GetProperty: this=[302911644] Return adress=[4330092]
GetProperty: FAILED: 2147942402
GetProperty: this=[302911644] Return adress=[4330092]
GetProperty: FAILED: 2147942402
GetProperty: this=[302911644] Return adress=[4330092]
GetProperty: FAILED: 2147942402
GetProperty: this=[302911644] Return adress=[4330092]
GetProperty: FAILED: 2147942402
GetProperty: this=[302911644] Return adress=[4330092]
GetProperty: FAILED: 2147942402
GetProperty: this=[302911644] Return adress=[4330092]
GetProperty: FAILED: 2147942402
GetProperty: this=[302911644] Return adress=[4330092]
GetProperty: FAILED: 2147942402
GetProperty: this=[302911644] Return adress=[4330092]
GetProperty: this=[302911644] Return adress=[4330092]
GetProperty: FAILED: 2147942402
GetProperty: this=[302911644] Return adress=[4330092]
GetProperty: this=[302911644] Return adress=[4330092]
GetProperty: this=[302911644] Return adress=[4330092]
GetProperty: this=[302911644] Return adress=[4330092]
GetProperty: FAILED: 2147942402
GetProperty: this=[302911644] Return adress=[4330092]
GetProperty: this=[302911644] Return adress=[4330092]
GetProperty: FAILED: 2147942402
GetProperty: this=[302911644] Return adress=[4330092]
GetProperty: this=[302911644] Return adress=[4330092]
GetProperty: FAILED: 2147942402
GetProperty: this=[302911644] Return adress=[4330092]
GetProperty: this=[302911644] Return adress=[4330092]
GetProperty: this=[302911644] Return adress=[4330092]
GetProperty: this=[302911644] Return adress=[4330092]
GetProperty: this=[302911644] Return adress=[4330092]
GetProperty: this=[302911644] Return adress=[4330092]
GetProperty: FAILED: 2147942402
GetProperty: this=[302911644] Return adress=[4330092]
GetProperty: FAILED: 2147942402
GetProperty: this=[302911644] Return adress=[4330092]
GetProperty: FAILED: 2147942402
GetProperty: this=[302911644] Return adress=[4330092]
GetProperty: FAILED: 2147942402
GetProperty: this=[302911644] Return adress=[4330092]
GetProperty: FAILED: 2147942402
GetProperty: this=[302911644] Return adress=[4330092]
GetProperty: FAILED: 2147942402
GetProperty: this=[302911644] Return adress=[4330092]
GetProperty: FAILED: 2147942402
GetProperty: this=[302911644] Return adress=[4330092]
GetProperty: this=[302911644] Return adress=[4330092]
GetProperty: this=[302911644] Return adress=[4330092]
GetProperty: this=[302911644] Return adress=[4330092]
GetProperty: this=[302911644] Return adress=[4330092]
GetProperty: this=[302911644] Return adress=[4330092]
GetProperty: FAILED: 2147942402
GetProperty: this=[302911644] Return adress=[4330092]
GetProperty: FAILED: 2147942402
GetProperty: this=[302911644] Return adress=[4330092]
GetProperty: FAILED: 2147942402
GetProperty: this=[302911644] Return adress=[4330092]
GetProperty: this=[302911644] Return adress=[4330092]
GetProperty: FAILED: 2147942402
GetProperty: this=[302911644] Return adress=[4330092]
GetProperty: this=[302911644] Return adress=[4330092]
GetProperty: this=[302911644] Return adress=[4330092]
GetProperty: this=[302911644] Return adress=[4330092]
GetProperty: this=[302911644] Return adress=[4330092]
GetProperty: this=[302911644] Return adress=[4330092]
GetProperty: this=[302911644] Return adress=[4330092]
GetProperty: this=[302911644] Return adress=[4330092]
GetProperty: this=[302911644] Return adress=[4330092]
GetProperty: this=[302911644] Return adress=[4330092]
GetProperty: FAILED: 2147942402
GetProperty: this=[302911644] Return adress=[4330092]
GetProperty: FAILED: 2147942402
GetProperty: this=[302911644] Return adress=[4330092]
GetProperty: FAILED: 2147942402
GetProperty: this=[302911644] Return adress=[4330092]
GetProperty: FAILED: 2147942402
GetProperty: this=[302911644] Return adress=[4330092]
GetProperty: FAILED: 2147942402
GetProperty: this=[302911644] Return adress=[4330092]
GetProperty: FAILED: 2147942402
GetProperty: this=[302911644] Return adress=[4330092]
GetProperty: FAILED: 2147942402
GetProperty: this=[302911644] Return adress=[4330092]
GetProperty: FAILED: 2147942402
GetProperty: this=[302911644] Return adress=[4330092]
GetProperty: FAILED: 2147942402
GetProperty: this=[302911644] Return adress=[4330092]
GetProperty: FAILED: 2147942402
GetProperty: this=[302911644] Return adress=[4330092]
GetProperty: FAILED: 2147942402
GetProperty: this=[302911644] Return adress=[4330092]
GetProperty: FAILED: 2147942402
GetProperty: this=[302911644] Return adress=[4330092]
GetProperty: FAILED: 2147942402
GetProperty: this=[302911644] Return adress=[4330092]
GetProperty: FAILED: 2147942402
GetProperty: this=[302911644] Return adress=[4330092]
GetProperty: FAILED: 2147942402
GetProperty: this=[302911644] Return adress=[4330092]
GetProperty: FAILED: 2147942402
GetProperty: this=[302911644] Return adress=[4330092]
GetProperty: FAILED: 2147942402
GetProperty: this=[302911644] Return adress=[4330092]
GetProperty: FAILED: 2147942402
CreateDevice: Return adress=[4334742]
QueryInterface: Return adress=[1835956649]
QueryInterface: E_NOINTERFACE
QueryInterface: Return adress=[1835956717]
QueryInterface: Return adress=[1835956649]
QueryInterface: E_NOINTERFACE
QueryInterface: Return adress=[1835956717]
GetCapabilities: this=[302911956] Return adress=[1835969650]
QueryInterface: Return adress=[1835956649]
QueryInterface: E_NOINTERFACE
QueryInterface: Return adress=[1835956717]
GetCapabilities: this=[302911956] Return adress=[1835969650]
DiDcvSetDataFormat: Interface lvl: 2 IsGamepad: 0 Pointers: 1838368 1838400
SetDataFormat: this=[302911956] Return adress=[1835980973]
DiDcvSetDataFormat: ======================================
SetCooperativeLevel: this=[302911956] Return adress=[4334814]
SetProperty: this=[302911956] Return adress=[1835968837]
Acquire: this=[302911956] Return adress=[4334933]
EnumDevices: this=[193799700] Return adress=[4323378]
CreateDevice: Return adress=[4334276]
QueryInterface: Return adress=[1835956649]
QueryInterface: E_NOINTERFACE
QueryInterface: Return adress=[1835956717]
QueryInterface: Return adress=[1835956649]
QueryInterface: E_NOINTERFACE
QueryInterface: Return adress=[1835956717]
GetCapabilities: this=[302931796] Return adress=[1835969650]
DiSetDataFormat: ===========================
QueryInterface: Return adress=[1836953291]
DiSetDataFormat: UNSUPPORTED AXES GUID
DiSetDataFormat: UNSUPPORTED AXES GUID
DiSetDataFormat: UNSUPPORTED AXES GUID
DiSetDataFormat: UNSUPPORTED AXES GUID
DiSetDataFormat: POV ALREADY ASSINGED
DiSetDataFormat: POV ALREADY ASSINGED
DiSetDataFormat: POV ALREADY ASSINGED
DiSetDataFormat: Added buton: 0 offset: 48
DiSetDataFormat: Added buton: 1 offset: 49
DiSetDataFormat: Added buton: 2 offset: 50
DiSetDataFormat: Added buton: 3 offset: 51
DiSetDataFormat: Added buton: 4 offset: 52
DiSetDataFormat: Added buton: 5 offset: 53
DiSetDataFormat: Added buton: 6 offset: 54
DiSetDataFormat: Added buton: 7 offset: 55
DiSetDataFormat: Added buton: 8 offset: 56
DiSetDataFormat: Added buton: 9 offset: 57
DiSetDataFormat: Added buton: 10 offset: 58
DiSetDataFormat: Added buton: 11 offset: 59
DiSetDataFormat: NO BUTTONS LEFT
DiSetDataFormat: NO BUTTONS LEFT
DiSetDataFormat: NO BUTTONS LEFT
DiSetDataFormat: NO BUTTONS LEFT
DiSetDataFormat: NO BUTTONS LEFT
DiSetDataFormat: NO BUTTONS LEFT
DiSetDataFormat: NO BUTTONS LEFT
DiSetDataFormat: NO BUTTONS LEFT
DiSetDataFormat: NO BUTTONS LEFT
DiSetDataFormat: NO BUTTONS LEFT
DiSetDataFormat: NO BUTTONS LEFT
DiSetDataFormat: NO BUTTONS LEFT
DiSetDataFormat: NO BUTTONS LEFT
DiSetDataFormat: NO BUTTONS LEFT
DiSetDataFormat: NO BUTTONS LEFT
DiSetDataFormat: NO BUTTONS LEFT
DiSetDataFormat: NO BUTTONS LEFT
DiSetDataFormat: NO BUTTONS LEFT
DiSetDataFormat: NO BUTTONS LEFT
DiSetDataFormat: NO BUTTONS LEFT
QueryInterface: Return adress=[1835956649]
QueryInterface: E_NOINTERFACE
QueryInterface: Return adress=[1835956717]
GetCapabilities: this=[302931796] Return adress=[1835969650]
DiDcvSetDataFormat: Interface lvl: 2 IsGamepad: 1 Pointers: 1838368 1838400
SetDataFormat: this=[302931796] Return adress=[4334305]
SetCooperativeLevel: this=[302931796] Return adress=[4334349]
